<?xml version="1.0" encoding="UTF-8"?>
<!-- Generated by org.testng.reporters.JUnitXMLReporter -->
<testsuite ignored="1" hostname="DESKTOP-GJNDS4M" failures="1" tests="2" name="Test" time="17.777" errors="0" timestamp="2022-11-08T09:24:15 IST">
  <testcase classname="automationLearningOct2022.EmailAssertOceaAcademy" name="validateEmail" time="10.339">
    <failure type="java.lang.AssertionError" message="expected [info@oceanacademy.in] but found [infooceanacademy@oceanacademy.in]">
      <![CDATA[java.lang.AssertionError: expected [info@oceanacademy.in] but found [infooceanacademy@oceanacademy.in]
at automationLearningOct2022.EmailAssertOceaAcademy.validateEmail(EmailAssertOceaAcademy.java:27)
at java.base/java.util.ArrayList.forEach(ArrayList.java:1511)
... Removed 33 stack frames]]>
    </failure>
  </testcase> <!-- validateEmail -->
  <testcase classname="automationLearningOct2022.ElementsCountContactForm" name="elementsCount" time="7.374"/>
  <testcase classname="automationLearningOct2022.MouseOverAction" name="mouseOverActionDemo" time="0.0">
    <ignored/>
  </testcase> <!-- mouseOverActionDemo -->
</testsuite> <!-- Test -->
